2024/08/12 09:03:16 [notice] 1#1: using the "epoll" event method
2024/08/12 09:03:16 [notice] 1#1: nginx/1.27.0
2024/08/12 09:03:16 [notice] 1#1: built by gcc 12.2.0 (Debian 12.2.0-14) 
2024/08/12 09:03:16 [notice] 1#1: OS: Linux 6.6.32-linuxkit
2024/08/12 09:03:16 [notice] 1#1: getrlimit(RLIMIT_NOFILE): 1048576:1048576
2024/08/12 09:03:16 [notice] 1#1: start worker processes
2024/08/12 09:03:16 [notice] 1#1: start worker process 28
2024/08/12 09:03:16 [notice] 1#1: start worker process 29
2024/08/12 09:03:16 [notice] 1#1: start worker process 30
2024/08/12 09:03:16 [notice] 1#1: start worker process 31
2024/08/12 09:03:16 [notice] 1#1: start worker process 32
2024/08/12 09:03:16 [notice] 1#1: start worker process 33
2024/08/12 09:03:16 [notice] 1#1: start worker process 34
2024/08/12 09:03:16 [notice] 1#1: start worker process 35
2024/08/12 09:03:18 [error] 28#28: *1 open() "/usr/share/nginx/html/project-1/index.php" failed (2: No such file or directory), client: 192.168.65.1, server: localhost, request: "GET /project-1/index.php HTTP/1.1", host: "localhost"
2024/08/12 09:03:18 [error] 28#28: *1 open() "/usr/share/nginx/html/project-1/index.php" failed (2: No such file or directory), client: 192.168.65.1, server: localhost, request: "GET /project-1/index.php HTTP/1.1", host: "localhost"
2024/08/12 09:03:54 [notice] 1#1: signal 3 (SIGQUIT) received, shutting down
2024/08/12 09:03:54 [notice] 29#29: gracefully shutting down
2024/08/12 09:03:54 [notice] 28#28: gracefully shutting down
2024/08/12 09:03:54 [notice] 35#35: gracefully shutting down
2024/08/12 09:03:54 [notice] 34#34: gracefully shutting down
2024/08/12 09:03:54 [notice] 32#32: gracefully shutting down
2024/08/12 09:03:54 [notice] 31#31: gracefully shutting down
2024/08/12 09:03:54 [notice] 30#30: gracefully shutting down
2024/08/12 09:03:54 [notice] 33#33: gracefully shutting down
2024/08/12 09:03:54 [notice] 29#29: exiting
2024/08/12 09:03:54 [notice] 28#28: exiting
2024/08/12 09:03:54 [notice] 35#35: exiting
2024/08/12 09:03:54 [notice] 34#34: exiting
2024/08/12 09:03:54 [notice] 32#32: exiting
2024/08/12 09:03:54 [notice] 31#31: exiting
2024/08/12 09:03:54 [notice] 30#30: exiting
2024/08/12 09:03:54 [notice] 33#33: exiting
2024/08/12 09:03:54 [notice] 29#29: exit
2024/08/12 09:03:54 [notice] 28#28: exit
2024/08/12 09:03:54 [notice] 35#35: exit
2024/08/12 09:03:54 [notice] 34#34: exit
2024/08/12 09:03:54 [notice] 32#32: exit
2024/08/12 09:03:54 [notice] 31#31: exit
2024/08/12 09:03:54 [notice] 30#30: exit
2024/08/12 09:03:54 [notice] 33#33: exit
2024/08/12 09:03:54 [notice] 1#1: signal 17 (SIGCHLD) received from 29
2024/08/12 09:03:54 [notice] 1#1: worker process 29 exited with code 0
2024/08/12 09:03:54 [notice] 1#1: worker process 32 exited with code 0
2024/08/12 09:03:54 [notice] 1#1: signal 29 (SIGIO) received
2024/08/12 09:03:54 [notice] 1#1: signal 17 (SIGCHLD) received from 31
2024/08/12 09:03:54 [notice] 1#1: worker process 31 exited with code 0
2024/08/12 09:03:54 [notice] 1#1: worker process 35 exited with code 0
2024/08/12 09:03:54 [notice] 1#1: signal 29 (SIGIO) received
2024/08/12 09:03:54 [notice] 1#1: signal 17 (SIGCHLD) received from 28
2024/08/12 09:03:54 [notice] 1#1: worker process 28 exited with code 0
2024/08/12 09:03:54 [notice] 1#1: worker process 34 exited with code 0
2024/08/12 09:03:54 [notice] 1#1: signal 17 (SIGCHLD) received from 34
2024/08/12 09:03:54 [notice] 1#1: signal 29 (SIGIO) received
2024/08/12 09:03:54 [notice] 1#1: signal 17 (SIGCHLD) received from 30
2024/08/12 09:03:54 [notice] 1#1: worker process 30 exited with code 0
2024/08/12 09:03:54 [notice] 1#1: signal 29 (SIGIO) received
2024/08/12 09:03:54 [notice] 1#1: signal 17 (SIGCHLD) received from 33
2024/08/12 09:03:54 [notice] 1#1: worker process 33 exited with code 0
2024/08/12 09:03:54 [notice] 1#1: exit
2024/08/12 09:05:00 [emerg] 1#1: host not found in upstream "php" in /etc/nginx/conf.d/project1.conf:21
2024/08/12 09:07:21 [notice] 1#1: using the "epoll" event method
2024/08/12 09:07:21 [notice] 1#1: nginx/1.27.0
2024/08/12 09:07:21 [notice] 1#1: built by gcc 12.2.0 (Debian 12.2.0-14) 
2024/08/12 09:07:21 [notice] 1#1: OS: Linux 6.6.32-linuxkit
2024/08/12 09:07:21 [notice] 1#1: getrlimit(RLIMIT_NOFILE): 1048576:1048576
2024/08/12 09:07:21 [notice] 1#1: start worker processes
2024/08/12 09:07:21 [notice] 1#1: start worker process 29
2024/08/12 09:07:21 [notice] 1#1: start worker process 30
2024/08/12 09:07:21 [notice] 1#1: start worker process 31
2024/08/12 09:07:21 [notice] 1#1: start worker process 32
2024/08/12 09:07:21 [notice] 1#1: start worker process 33
2024/08/12 09:07:21 [notice] 1#1: start worker process 34
2024/08/12 09:07:21 [notice] 1#1: start worker process 35
2024/08/12 09:07:21 [notice] 1#1: start worker process 36
2024/08/12 09:09:36 [error] 29#29: *1 open() "/usr/share/nginx/html/favicon.ico" failed (2: No such file or directory), client: 192.168.65.1, server: localhost, request: "GET /favicon.ico HTTP/1.1", host: "localhost", referrer: "http://localhost/"
2024/08/12 09:11:05 [notice] 1#1: signal 3 (SIGQUIT) received, shutting down
2024/08/12 09:11:05 [notice] 29#29: gracefully shutting down
2024/08/12 09:11:05 [notice] 31#31: gracefully shutting down
2024/08/12 09:11:05 [notice] 32#32: gracefully shutting down
2024/08/12 09:11:05 [notice] 33#33: gracefully shutting down
2024/08/12 09:11:05 [notice] 35#35: gracefully shutting down
2024/08/12 09:11:05 [notice] 36#36: gracefully shutting down
2024/08/12 09:11:05 [notice] 30#30: gracefully shutting down
2024/08/12 09:11:05 [notice] 34#34: gracefully shutting down
2024/08/12 09:11:05 [notice] 29#29: exiting
2024/08/12 09:11:05 [notice] 31#31: exiting
2024/08/12 09:11:05 [notice] 32#32: exiting
2024/08/12 09:11:05 [notice] 33#33: exiting
2024/08/12 09:11:05 [notice] 35#35: exiting
2024/08/12 09:11:05 [notice] 36#36: exiting
2024/08/12 09:11:05 [notice] 30#30: exiting
2024/08/12 09:11:05 [notice] 34#34: exiting
2024/08/12 09:11:05 [notice] 31#31: exit
2024/08/12 09:11:05 [notice] 35#35: exit
2024/08/12 09:11:05 [notice] 29#29: exit
2024/08/12 09:11:05 [notice] 32#32: exit
2024/08/12 09:11:05 [notice] 33#33: exit
2024/08/12 09:11:05 [notice] 36#36: exit
2024/08/12 09:11:05 [notice] 30#30: exit
2024/08/12 09:11:05 [notice] 34#34: exit
2024/08/12 09:11:05 [notice] 1#1: signal 17 (SIGCHLD) received from 33
2024/08/12 09:11:05 [notice] 1#1: worker process 32 exited with code 0
2024/08/12 09:11:05 [notice] 1#1: worker process 33 exited with code 0
2024/08/12 09:11:05 [notice] 1#1: signal 29 (SIGIO) received
2024/08/12 09:11:05 [notice] 1#1: signal 17 (SIGCHLD) received from 35
2024/08/12 09:11:05 [notice] 1#1: worker process 35 exited with code 0
2024/08/12 09:11:05 [notice] 1#1: worker process 29 exited with code 0
2024/08/12 09:11:05 [notice] 1#1: worker process 31 exited with code 0
2024/08/12 09:11:05 [notice] 1#1: worker process 34 exited with code 0
2024/08/12 09:11:05 [notice] 1#1: signal 29 (SIGIO) received
2024/08/12 09:11:05 [notice] 1#1: signal 17 (SIGCHLD) received from 31
2024/08/12 09:11:05 [notice] 1#1: signal 17 (SIGCHLD) received from 36
2024/08/12 09:11:05 [notice] 1#1: worker process 30 exited with code 0
2024/08/12 09:11:05 [notice] 1#1: worker process 36 exited with code 0
2024/08/12 09:11:05 [notice] 1#1: exit
2024/08/12 09:11:46 [notice] 1#1: using the "epoll" event method
2024/08/12 09:11:46 [notice] 1#1: nginx/1.27.0
2024/08/12 09:11:46 [notice] 1#1: built by gcc 12.2.0 (Debian 12.2.0-14) 
2024/08/12 09:11:46 [notice] 1#1: OS: Linux 6.6.32-linuxkit
2024/08/12 09:11:46 [notice] 1#1: getrlimit(RLIMIT_NOFILE): 1048576:1048576
2024/08/12 09:11:46 [notice] 1#1: start worker processes
2024/08/12 09:11:46 [notice] 1#1: start worker process 29
2024/08/12 09:11:46 [notice] 1#1: start worker process 30
2024/08/12 09:11:46 [notice] 1#1: start worker process 31
2024/08/12 09:11:46 [notice] 1#1: start worker process 32
2024/08/12 09:11:46 [notice] 1#1: start worker process 33
2024/08/12 09:11:46 [notice] 1#1: start worker process 34
2024/08/12 09:11:46 [notice] 1#1: start worker process 35
2024/08/12 09:11:46 [notice] 1#1: start worker process 36
2024/08/12 09:12:19 [error] 29#29: *1 open() "/usr/share/nginx/html/php" failed (2: No such file or directory), client: 192.168.65.1, server: localhost, request: "GET /php HTTP/1.1", host: "localhost"
2024/08/12 09:12:21 [error] 30#30: *2 open() "/usr/share/nginx/html/phpmyadmin" failed (2: No such file or directory), client: 192.168.65.1, server: localhost, request: "GET /phpmyadmin HTTP/1.1", host: "localhost"
2024/08/12 09:12:22 [error] 30#30: *2 open() "/usr/share/nginx/html/phpmyadmin" failed (2: No such file or directory), client: 192.168.65.1, server: localhost, request: "GET /phpmyadmin HTTP/1.1", host: "localhost"
2024/08/12 09:12:22 [error] 30#30: *2 open() "/usr/share/nginx/html/phpmyadmin" failed (2: No such file or directory), client: 192.168.65.1, server: localhost, request: "GET /phpmyadmin HTTP/1.1", host: "localhost"
2024/08/12 09:12:23 [error] 30#30: *2 open() "/usr/share/nginx/html/phpmyadmin" failed (2: No such file or directory), client: 192.168.65.1, server: localhost, request: "GET /phpmyadmin HTTP/1.1", host: "localhost"
2024/08/12 09:12:23 [error] 30#30: *2 open() "/usr/share/nginx/html/phpmyadmin" failed (2: No such file or directory), client: 192.168.65.1, server: localhost, request: "GET /phpmyadmin HTTP/1.1", host: "localhost"
2024/08/12 09:12:23 [error] 30#30: *2 open() "/usr/share/nginx/html/phpmyadmin" failed (2: No such file or directory), client: 192.168.65.1, server: localhost, request: "GET /phpmyadmin HTTP/1.1", host: "localhost"
2024/08/12 09:12:23 [error] 30#30: *2 open() "/usr/share/nginx/html/phpmyadmin" failed (2: No such file or directory), client: 192.168.65.1, server: localhost, request: "GET /phpmyadmin HTTP/1.1", host: "localhost"
2024/08/12 09:12:34 [error] 31#31: *3 open() "/var/www/html/project-1/favicon.ico" failed (2: No such file or directory), client: 192.168.65.1, server: default.exdomain.net, request: "GET /favicon.ico HTTP/1.1", host: "default.exdomain.net", referrer: "http://default.exdomain.net/phpmyadmin/"
2024/08/12 09:17:39 [notice] 1#1: using the "epoll" event method
2024/08/12 09:17:39 [notice] 1#1: nginx/1.27.0
2024/08/12 09:17:39 [notice] 1#1: built by gcc 12.2.0 (Debian 12.2.0-14) 
2024/08/12 09:17:39 [notice] 1#1: OS: Linux 6.6.32-linuxkit
2024/08/12 09:17:39 [notice] 1#1: getrlimit(RLIMIT_NOFILE): 1048576:1048576
2024/08/12 09:17:39 [notice] 1#1: start worker processes
2024/08/12 09:17:39 [notice] 1#1: start worker process 29
2024/08/12 09:17:39 [notice] 1#1: start worker process 30
2024/08/12 09:17:39 [notice] 1#1: start worker process 31
2024/08/12 09:17:39 [notice] 1#1: start worker process 32
2024/08/12 09:17:39 [notice] 1#1: start worker process 33
2024/08/12 09:17:39 [notice] 1#1: start worker process 34
2024/08/12 09:17:39 [notice] 1#1: start worker process 35
2024/08/12 09:17:39 [notice] 1#1: start worker process 36
2024/08/12 09:19:12 [notice] 1#1: signal 3 (SIGQUIT) received, shutting down
2024/08/12 09:19:12 [notice] 33#33: gracefully shutting down
2024/08/12 09:19:12 [notice] 29#29: gracefully shutting down
2024/08/12 09:19:12 [notice] 34#34: gracefully shutting down
2024/08/12 09:19:12 [notice] 34#34: exiting
2024/08/12 09:19:12 [notice] 35#35: gracefully shutting down
2024/08/12 09:19:12 [notice] 31#31: gracefully shutting down
2024/08/12 09:19:12 [notice] 33#33: exiting
2024/08/12 09:19:12 [notice] 30#30: gracefully shutting down
2024/08/12 09:19:12 [notice] 36#36: gracefully shutting down
2024/08/12 09:19:12 [notice] 36#36: exiting
2024/08/12 09:19:12 [notice] 32#32: gracefully shutting down
2024/08/12 09:19:12 [notice] 32#32: exiting
2024/08/12 09:19:12 [notice] 29#29: exiting
2024/08/12 09:19:12 [notice] 35#35: exiting
2024/08/12 09:19:12 [notice] 35#35: exit
2024/08/12 09:19:12 [notice] 34#34: exit
2024/08/12 09:19:12 [notice] 31#31: exiting
2024/08/12 09:19:12 [notice] 33#33: exit
2024/08/12 09:19:12 [notice] 30#30: exiting
2024/08/12 09:19:12 [notice] 30#30: exit
2024/08/12 09:19:12 [notice] 36#36: exit
2024/08/12 09:19:12 [notice] 32#32: exit
2024/08/12 09:19:12 [notice] 29#29: exit
2024/08/12 09:19:12 [notice] 31#31: exit
2024/08/12 09:19:12 [notice] 1#1: signal 17 (SIGCHLD) received from 34
2024/08/12 09:19:12 [notice] 1#1: worker process 34 exited with code 0
2024/08/12 09:19:12 [notice] 1#1: worker process 35 exited with code 0
2024/08/12 09:19:12 [notice] 1#1: signal 29 (SIGIO) received
2024/08/12 09:19:12 [notice] 1#1: signal 17 (SIGCHLD) received from 33
2024/08/12 09:19:12 [notice] 1#1: worker process 33 exited with code 0
2024/08/12 09:19:12 [notice] 1#1: signal 29 (SIGIO) received
2024/08/12 09:19:12 [notice] 1#1: signal 17 (SIGCHLD) received from 30
2024/08/12 09:19:12 [notice] 1#1: worker process 30 exited with code 0
2024/08/12 09:19:12 [notice] 1#1: worker process 36 exited with code 0
2024/08/12 09:19:12 [notice] 1#1: signal 29 (SIGIO) received
2024/08/12 09:19:12 [notice] 1#1: signal 17 (SIGCHLD) received from 36
2024/08/12 09:19:12 [notice] 1#1: worker process 32 exited with code 0
2024/08/12 09:19:12 [notice] 1#1: worker process 29 exited with code 0
2024/08/12 09:19:12 [notice] 1#1: worker process 31 exited with code 0
2024/08/12 09:19:12 [notice] 1#1: exit
